<?xml version="1.0" encoding="UTF-8"?>
<!-- Generated by org.testng.reporters.JUnitXMLReporter -->
<testsuite ignored="0" hostname="DESKTOP-PRI1S77" failures="1" tests="1" name="Surefire test" time="14.554" errors="0" timestamp="2024-10-05T15:01:01 IST">
  <testcase classname="homePageTests" name="loginTest" time="14.411">
    <failure type="com.codeborne.selenide.ex.ElementNotFound" message="Element not found {by text:  Login }
Expected: be visible
Screenshot: file:/E:/Allure%20LMS/selenideGithubActions/build/reports/tests/1728120660954.0.png
Page source: file:/E:/Allure%20LMS/selenideGithubActions/build/reports/tests/1728120660954.0.html
Timeout: 5 s.
Caused by: NoSuchElementException: no such element: Unable to locate element: {&amp;quot;method&amp;quot;:&amp;quot;xpath&amp;quot;,&amp;quot;selector&amp;quot;:&amp;quot;.//*/text()[normalize-space(translate(string(.), &amp;apos;">
      <![CDATA[Element not found {by text:  Login }
Expected: be visible
Screenshot: file:/E:/Allure%20LMS/selenideGithubActions/build/reports/tests/1728120660954.0.png
Page source: file:/E:/Allure%20LMS/selenideGithubActions/build/reports/tests/1728120660954.0.html
Timeout: 5 s.
Caused by: NoSuchElementException: no such element: Unable to locate element: {"method":"xpath","selector":".//*/text()[normalize-space(translate(string(.), '
at com.codeborne.selenide.impl.WebElementSource.createElementNotFoundError(WebElementSource.java:91)
at com.codeborne.selenide.impl.ElementFinder.createElementNotFoundError(ElementFinder.java:142)
at com.codeborne.selenide.impl.WebElementSource.handleError(WebElementSource.java:143)
at com.codeborne.selenide.impl.WebElementSource.checkConditionAndReturnElement(WebElementSource.java:127)
at com.codeborne.selenide.impl.WebElementSource.checkCondition(WebElementSource.java:104)
at com.codeborne.selenide.commands.Should.execute(Should.java:30)
at com.codeborne.selenide.commands.Should.execute(Should.java:14)
at com.codeborne.selenide.commands.Commands.execute(Commands.java:163)
at com.codeborne.selenide.impl.SelenideElementProxy.dispatchAndRetry(SelenideElementProxy.java:132)
at com.codeborne.selenide.impl.SelenideElementProxy.invoke(SelenideElementProxy.java:84)
at jdk.proxy2/jdk.proxy2.$Proxy10.shouldBe(Unknown Source)
at homePageTests.loginTest(homePageTests.java:38)
at java.base/java.util.ArrayList.forEach(ArrayList.java:1511)
Caused by: org.openqa.selenium.NoSuchElementException: no such element: Unable to locate element: {"method":"xpath","selector":".//*/text()[normalize-space(translate(string(.), '

 ', '    ')) = " Login "]/parent::*"}
  (Session info: chrome=129.0.6668.90)
For documentation on this error, please visit: https://www.selenium.dev/documentation/webdriver/troubleshooting/errors#no-such-element-exception
Build info: version: '4.11.0', revision: '040bc5406b'
System info: os.name: 'Windows 10', os.arch: 'amd64', os.version: '10.0', java.version: '17.0.5'
Driver info: org.openqa.selenium.chrome.ChromeDriver
Command: [ea111acddb74f574c995bf312ee53db9, findElement {using=xpath, value=.//*/text()[normalize-space(translate(string(.), '

 ', '    ')) = " Login "]/parent::*}]
Capabilities {acceptInsecureCerts: true, browserName: chrome, browserVersion: 129.0.6668.90, chrome: {chromedriverVersion: 129.0.6668.89 (951c0b97221f..., userDataDir: C:\Users\admin\AppData\Loca...}, fedcm:accounts: true, goog:chromeOptions: {debuggerAddress: localhost:58284}, networkConnectionEnabled: false, pageLoadStrategy: normal, platformName: windows, proxy: Proxy(), se:cdp: ws://localhost:58284/devtoo..., se:cdpVersion: 129.0.6668.90, setWindowRect: true, strictFileInteractability: false, timeouts: {implicit: 0, pageLoad: 300000, script: 30000}, unhandledPromptBehavior: accept, webauthn:extension:credBlob: true, webauthn:extension:largeBlob: true, webauthn:extension:minPinLength: true, webauthn:extension:prf: true, webauthn:virtualAuthenticators: true}
Session ID: ea111acddb74f574c995bf312ee53db9
at org.openqa.selenium.remote.codec.w3c.W3CHttpResponseCodec.createException(W3CHttpResponseCodec.java:200)
at org.openqa.selenium.remote.codec.w3c.W3CHttpResponseCodec.decode(W3CHttpResponseCodec.java:133)
at org.openqa.selenium.remote.codec.w3c.W3CHttpResponseCodec.decode(W3CHttpResponseCodec.java:52)
at org.openqa.selenium.remote.HttpCommandExecutor.execute(HttpCommandExecutor.java:191)
at org.openqa.selenium.remote.service.DriverCommandExecutor.invokeExecute(DriverCommandExecutor.java:196)
at org.openqa.selenium.remote.service.DriverCommandExecutor.execute(DriverCommandExecutor.java:171)
at org.openqa.selenium.remote.RemoteWebDriver.execute(RemoteWebDriver.java:518)
at org.openqa.selenium.remote.ElementLocation$ElementFinder$2.findElement(ElementLocation.java:165)
at org.openqa.selenium.remote.ElementLocation.findElement(ElementLocation.java:59)
at org.openqa.selenium.remote.RemoteWebDriver.findElement(RemoteWebDriver.java:355)
at org.openqa.selenium.remote.RemoteWebDriver.findElement(RemoteWebDriver.java:349)
at com.codeborne.selenide.impl.WebElementSelector.findElement(WebElementSelector.java:70)
at com.codeborne.selenide.impl.WebElementSelector.findElement(WebElementSelector.java:44)
at com.codeborne.selenide.impl.WebElementSelector.findElement(WebElementSelector.java:33)
at com.codeborne.selenide.impl.ElementFinder.getWebElement(ElementFinder.java:122)
at com.codeborne.selenide.impl.WebElementSource.checkConditionAndReturnElement(WebElementSource.java:116)
... 41 more
... Removed 36 stack frames]]>
    </failure>
  </testcase> <!-- loginTest -->
</testsuite> <!-- Surefire test -->
